0 info it worked if it ends with ok
1 verbose cli [ 'C:\\Program Files\\nodejs\\node.exe',
1 verbose cli   'C:\\Program Files\\nodejs\\node_modules\\npm\\bin\\npm-cli.js',
1 verbose cli   'start' ]
2 info using npm@3.10.8
3 info using node@v6.9.1
4 verbose run-script [ 'prestart', 'start', 'poststart' ]
5 info lifecycle api-hrm@0.0.0~prestart: api-hrm@0.0.0
6 silly lifecycle api-hrm@0.0.0~prestart: no script for prestart, continuing
7 info lifecycle api-hrm@0.0.0~start: api-hrm@0.0.0
8 verbose lifecycle api-hrm@0.0.0~start: unsafe-perm in lifecycle true
9 verbose lifecycle api-hrm@0.0.0~start: PATH: C:\Program Files\nodejs\node_modules\npm\bin\node-gyp-bin;D:\Co-vision\Back-End\node_modules\.bin;%SystemRoot%\system32\WindowsPowerShell\v1.0\;C:\windows\system32;C:\windows;C:\windows\System32\Wbem;C:\windows\System32\WindowsPowerShell\v1.0\;C:\Program Files (x86)\NVIDIA Corporation\PhysX\Common;C:\Program Files\nodejs\;C:\Program Files (x86)\Git\bin;C:\Program Files\TortoiseGit\bin;C:\Program Files\MongoDB\Server\3.2\bin;C:\ProgramData\chocolatey\bin;C:\Python27;C:\Python27\Scripts;D:\Android\SDK\platform-tools;C:\Program Files (x86)\Windows Kits\8.1\Windows Performance Toolkit\;C:\Program Files\Microsoft SQL Server\110\Tools\Binn\;C:\Users\admin\AppData\Roaming\npm
10 verbose lifecycle api-hrm@0.0.0~start: CWD: D:\Co-vision\Back-End
11 silly lifecycle api-hrm@0.0.0~start: Args: [ '/d /s /c', 'nodemon ./bin/www' ]
12 silly lifecycle api-hrm@0.0.0~start: Returned: code: 3221225786  signal: null
13 info lifecycle api-hrm@0.0.0~start: Failed to exec start script
14 verbose stack Error: api-hrm@0.0.0 start: `nodemon ./bin/www`
14 verbose stack Exit status 3221225786
14 verbose stack     at EventEmitter.<anonymous> (C:\Program Files\nodejs\node_modules\npm\lib\utils\lifecycle.js:255:16)
14 verbose stack     at emitTwo (events.js:106:13)
14 verbose stack     at EventEmitter.emit (events.js:191:7)
14 verbose stack     at ChildProcess.<anonymous> (C:\Program Files\nodejs\node_modules\npm\lib\utils\spawn.js:40:14)
14 verbose stack     at emitTwo (events.js:106:13)
14 verbose stack     at ChildProcess.emit (events.js:191:7)
14 verbose stack     at maybeClose (internal/child_process.js:877:16)
14 verbose stack     at Process.ChildProcess._handle.onexit (internal/child_process.js:226:5)
15 verbose pkgid api-hrm@0.0.0
16 verbose cwd D:\Co-vision\Back-End
17 error Windows_NT 6.1.7601
18 error argv "C:\\Program Files\\nodejs\\node.exe" "C:\\Program Files\\nodejs\\node_modules\\npm\\bin\\npm-cli.js" "start"
19 error node v6.9.1
20 error npm  v3.10.8
21 error code ELIFECYCLE
22 error api-hrm@0.0.0 start: `nodemon ./bin/www`
22 error Exit status 3221225786
23 error Failed at the api-hrm@0.0.0 start script 'nodemon ./bin/www'.
23 error Make sure you have the latest version of node.js and npm installed.
23 error If you do, this is most likely a problem with the api-hrm package,
23 error not with npm itself.
23 error Tell the author that this fails on your system:
23 error     nodemon ./bin/www
23 error You can get information on how to open an issue for this project with:
23 error     npm bugs api-hrm
23 error Or if that isn't available, you can get their info via:
23 error     npm owner ls api-hrm
23 error There is likely additional logging output above.
24 verbose exit [ 1, true ]
